<?xml version="1.0" encoding="utf-8"?>
<TestRun id="d75e1bcb-d3e2-466f-ad6d-5cfcf0b0afd6" name="EGlint@QGLINT-E 2026-07-26 16:03:40" runUser="QGLINT-E\EGlint" xmlns="http://microsoft.com/schemas/VisualStudio/TeamTest/2010">
  <Times creation="2026-07-26T16:03:40.8029171+08:00" queuing="2026-07-26T16:03:40.8029174+08:00" start="2026-07-26T16:03:30.0137617+08:00" finish="2026-07-26T16:03:40.8077096+08:00" />
  <TestSettings name="default" id="cc51a24e-43fb-488d-b254-2bff7b9d5a91">
    <Deployment runDeploymentRoot="EGlint_QGLINT-E_2026-07-26_16_03_40" />
  </TestSettings>
  <Results>
    <UnitTestResult executionId="90a51ac6-d975-4ede-bdf2-edbd57f31ce9" testId="2df69e1c-878d-bbb1-9d4c-8edfedd2d7f4" testName="Automatic_class_schedule.Tests.ExcelAnalysisTests.CompareSolverOutput_WithHumanSchedule" computerName="QGLINT-E" duration="00:00:10.1209817" startTime="2026-07-26T16:03:30.5905926+08:00" endTime="2026-07-26T16:03:40.7173272+08:00" testType="13cdc9d9-ddb5-4fa4-a97d-d965ccfc6d4b" outcome="Passed" testListId="8c84fa94-04c1-424b-9868-57a2d4851a1d" relativeResultsDirectory="90a51ac6-d975-4ede-bdf2-edbd57f31ce9">
      <Output>
        <StdOut>=== 算法输出: 726 节课 ===&#xD;
硬冲突: 8&#xD;
警告: 0&#xD;
  [硬] 同教师同一时间存在多节课&#xD;
  [硬] 同教师同一时间存在多节课&#xD;
  [硬] 同教师同一时间存在多节课&#xD;
  [硬] 同教师同一时间存在多节课&#xD;
  [硬] 同教师同一时间存在多节课&#xD;

=== 七1班 课表 ===&#xD;
周一: 1:数学 2:英语 3:语文 4:生物 5:地理 7:化学 8:道德&#xD;
周二: 1:语文 2:数学 3:英语 4:物理 5:地理 8:生物&#xD;
周三: 1:语文 2:英语 3:数学 4:历史 6:体育 7:语文&#xD;
周四: 1:语文 2:数学 3:英语 4:物理 5:化学 7:体育&#xD;
周五: 1:英语 2:语文 3:数学 4:历史 5:物理 6:道德 7:化学 8:数学&#xD;

=== 主科分布统计 ===&#xD;
语文: 总6节, 上午5/下午1, 上午最大/天=1, 连排=0&#xD;
数学: 总6节, 上午5/下午1, 上午最大/天=1, 连排=0&#xD;
英语: 总5节, 上午5/下午0, 上午最大/天=1, 连排=0&#xD;

=== 第1节分布 ===&#xD;
周一第1节: 数学&#xD;
周二第1节: 语文&#xD;
周三第1节: 语文&#xD;
周四第1节: 语文&#xD;
周五第1节: 英语&#xD;

=== 体育课位置 ===&#xD;
  周3 第6节 下午&#xD;
  周4 第7节 下午</StdOut>
      </Output>
    </UnitTestResult>
  </Results>
  <TestDefinitions>
    <UnitTest name="Automatic_class_schedule.Tests.ExcelAnalysisTests.CompareSolverOutput_WithHumanSchedule" storage="c:\project_repository\winproject\automatic_class_schedule\automatic_class_schedule.tests\bin\debug\net10.0-windows10.0.26100.0\automatic_class_schedule.tests.dll" id="2df69e1c-878d-bbb1-9d4c-8edfedd2d7f4">
      <Execution id="90a51ac6-d975-4ede-bdf2-edbd57f31ce9" />
      <TestMethod codeBase="C:\Project_Repository\winproject\Automatic_class_schedule\Automatic_class_schedule.Tests\bin\Debug\net10.0-windows10.0.26100.0\Automatic_class_schedule.Tests.dll" adapterTypeName="executor://xunit/VsTestRunner3/netcore/" className="Automatic_class_schedule.Tests.ExcelAnalysisTests" name="CompareSolverOutput_WithHumanSchedule" />
    </UnitTest>
  </TestDefinitions>
  <TestEntries>
    <TestEntry testId="2df69e1c-878d-bbb1-9d4c-8edfedd2d7f4" executionId="90a51ac6-d975-4ede-bdf2-edbd57f31ce9" testListId="8c84fa94-04c1-424b-9868-57a2d4851a1d" />
  </TestEntries>
  <TestLists>
    <TestList name="列表中未列出的结果" id="8c84fa94-04c1-424b-9868-57a2d4851a1d" />
    <TestList name="所有已加载的结果" id="19431567-8539-422a-85d7-44ee4e166bda" />
  </TestLists>
  <ResultSummary outcome="Completed">
    <Counters total="1" executed="1" passed="1" failed="0" error="0" timeout="0" aborted="0" inconclusive="0" passedButRunAborted="0" notRunnable="0" notExecuted="0" disconnected="0" warning="0" completed="0" inProgress="0" pending="0" />
    <Output>
      <StdOut>[xUnit.net 00:00:00.00] xUnit.net VSTest Adapter v3.1.4+50e68bbb8b (64-bit .NET 10.0.0)&#xD;
[xUnit.net 00:00:00.07]   Discovering: Automatic_class_schedule.Tests&#xD;
[xUnit.net 00:00:00.11]   Discovered:  Automatic_class_schedule.Tests&#xD;
[xUnit.net 00:00:00.13]   Starting:    Automatic_class_schedule.Tests&#xD;
[xUnit.net 00:00:10.29]   Finished:    Automatic_class_schedule.Tests&#xD;
</StdOut>
    </Output>
  </ResultSummary>
</TestRun>