<?xml version="1.0" encoding="utf-8"?>
<TestRun id="168842bc-f2df-4d19-b24a-98441d83a5b2" name="EGlint@QGLINT-E 2026-07-26 15:55:41" runUser="QGLINT-E\EGlint" xmlns="http://microsoft.com/schemas/VisualStudio/TeamTest/2010">
  <Times creation="2026-07-26T15:55:41.1904238+08:00" queuing="2026-07-26T15:55:41.1904241+08:00" start="2026-07-26T15:55:38.5358154+08:00" finish="2026-07-26T15:55:41.1960551+08:00" />
  <TestSettings name="default" id="3de01c2a-740b-49f0-a806-dc9d07f85999">
    <Deployment runDeploymentRoot="EGlint_QGLINT-E_2026-07-26_15_55_41" />
  </TestSettings>
  <Results>
    <UnitTestResult executionId="0386497a-2fa4-409d-b911-6b9702947818" testId="5811b93d-63bf-474f-f62a-d21771719937" testName="Automatic_class_schedule.Tests.ExcelAnalysisTests.ReadOutXlsx_PrintContent" computerName="QGLINT-E" duration="00:00:01.9257760" startTime="2026-07-26T15:55:39.1673214+08:00" endTime="2026-07-26T15:55:41.0986587+08:00" testType="13cdc9d9-ddb5-4fa4-a97d-d965ccfc6d4b" outcome="Passed" testListId="8c84fa94-04c1-424b-9868-57a2d4851a1d" relativeResultsDirectory="0386497a-2fa4-409d-b911-6b9702947818">
      <Output>
        <StdOut>=== Sheet: 微信图片_20260725193757_754_202 ===&#xD;
      |1     |2     |3     |4     |5     |6     |7     |8     |1     |2     |3     |4     &#xD;
七1    |语     |数     |英     |道     |美     |体     |劳     |周会    |数     |英     |信     |语     &#xD;
七2    |数     |语     |道     |英     |信     |体     |美     |周会    |英     |数     |语     |体     &#xD;
七3    |语     |数     |历     |英     |道     |美     |体     |周会    |英     |数     |地     |语     &#xD;
七4    |数     |语     |英     |历     |体     |道     |音     |周会    |数     |英     |语     |地     &#xD;
七5    |语     |数     |英     |道     |地     |生     |历     |周会    |数     |英     |劳     |语     &#xD;
七6    |数     |语     |生     |英     |体     |音     |信     |周会    |英     |数     |语     |道     &#xD;
七7    |语     |数     |英     |地     |体     |信     |数     |周会    |数     |英     |历     |语     &#xD;
八1    |语     |数     |道     |英     |体     |语     |英     |周会    |数     |英     |物     |语     &#xD;
八2    |数     |语     |英     |道     |体     |美     |语     |周会    |英     |数     |语     |物     &#xD;
八3    |语     |数     |英     |物     |历     |信     |生     |周会    |英     |数     |物     |语     &#xD;
八4    |数     |语     |物     |英     |生     |历     |体     |周会    |数     |英     |语     |物     &#xD;
八5    |语     |数     |英     |物     |音     |道     |历     |周会    |数     |英     |地     |语     &#xD;
八6    |数     |语     |物     |英     |道     |音     |美     |周会    |英     |数     |语     |地     &#xD;
八7    |语     |数     |英     |地     |美     |物     |体     |周会    |数     |英     |道     |语     &#xD;
八8    |数     |语     |地     |英     |历     |生     |物     |周会    |英     |数     |语     |道     &#xD;
九1    |语     |数     |英     |物     |体     |英     |道     |周会    |数     |英     |化     |语     &#xD;
九2    |数     |语     |物     |英     |化     |道     |英     |周会    |英     |数     |语     |化     &#xD;
九3    |语     |数     |英     |化     |物     |体     |历     |周会    |数     |英     |物     |语     &#xD;
九4    |数     |语     |物     |英     |化     |历     |体     |周会    |英     |数     |语     |物     &#xD;
九5    |语     |数     |英     |物     |历     |化     |体     |周会    |数     |英     |化     |语     &#xD;
九6    |数     |语     |物     |英     |道     |体     |化     |周会    |英     |数     |语     |化     &#xD;
九7    |语     |数     |英     |化     |物     |道     |音     |周会    |数     |英     |物     |语     &#xD;
九8    |数     |语     |化     |英     |体     |音     |道     |周会    |英     |数     |语     |物</StdOut>
      </Output>
    </UnitTestResult>
  </Results>
  <TestDefinitions>
    <UnitTest name="Automatic_class_schedule.Tests.ExcelAnalysisTests.ReadOutXlsx_PrintContent" storage="c:\project_repository\winproject\automatic_class_schedule\automatic_class_schedule.tests\bin\debug\net10.0-windows10.0.26100.0\automatic_class_schedule.tests.dll" id="5811b93d-63bf-474f-f62a-d21771719937">
      <Execution id="0386497a-2fa4-409d-b911-6b9702947818" />
      <TestMethod codeBase="C:\Project_Repository\winproject\Automatic_class_schedule\Automatic_class_schedule.Tests\bin\Debug\net10.0-windows10.0.26100.0\Automatic_class_schedule.Tests.dll" adapterTypeName="executor://xunit/VsTestRunner3/netcore/" className="Automatic_class_schedule.Tests.ExcelAnalysisTests" name="ReadOutXlsx_PrintContent" />
    </UnitTest>
  </TestDefinitions>
  <TestEntries>
    <TestEntry testId="5811b93d-63bf-474f-f62a-d21771719937" executionId="0386497a-2fa4-409d-b911-6b9702947818" testListId="8c84fa94-04c1-424b-9868-57a2d4851a1d" />
  </TestEntries>
  <TestLists>
    <TestList name="列表中未列出的结果" id="8c84fa94-04c1-424b-9868-57a2d4851a1d" />
    <TestList name="所有已加载的结果" id="19431567-8539-422a-85d7-44ee4e166bda" />
  </TestLists>
  <ResultSummary outcome="Completed">
    <Counters total="1" executed="1" passed="1" failed="0" error="0" timeout="0" aborted="0" inconclusive="0" passedButRunAborted="0" notRunnable="0" notExecuted="0" disconnected="0" warning="0" completed="0" inProgress="0" pending="0" />
    <Output>
      <StdOut>[xUnit.net 00:00:00.00] xUnit.net VSTest Adapter v3.1.4+50e68bbb8b (64-bit .NET 10.0.0)&#xD;
[xUnit.net 00:00:00.08]   Discovering: Automatic_class_schedule.Tests&#xD;
[xUnit.net 00:00:00.12]   Discovered:  Automatic_class_schedule.Tests&#xD;
[xUnit.net 00:00:00.14]   Starting:    Automatic_class_schedule.Tests&#xD;
[xUnit.net 00:00:02.10]   Finished:    Automatic_class_schedule.Tests&#xD;
</StdOut>
    </Output>
  </ResultSummary>
</TestRun>